  Camera.cpp
  Light.cpp
d:\learning\opengl refactor\gl exp\gl exp\light.cpp(25): warning C4244: 'argument': conversion from 'GLfloat' to 'GLint', possible loss of data
d:\learning\opengl refactor\gl exp\gl exp\light.cpp(26): warning C4244: 'argument': conversion from 'GLfloat' to 'GLint', possible loss of data
d:\learning\opengl refactor\gl exp\gl exp\light.cpp(28): warning C4244: 'argument': conversion from 'GLfloat' to 'GLint', possible loss of data
d:\learning\opengl refactor\gl exp\gl exp\light.cpp(29): warning C4244: 'argument': conversion from 'GLfloat' to 'GLint', possible loss of data
  main.cpp
d:\learning\opengl refactor\gl exp\gl exp\main.cpp(274): warning C4244: 'initializing': conversion from 'double' to 'GLfloat', possible loss of data
d:\learning\opengl refactor\gl exp\gl exp\main.cpp(300): warning C4244: 'argument': conversion from 'GLuint' to 'GLfloat', possible loss of data
d:\learning\opengl refactor\gl exp\gl exp\main.cpp(305): warning C4305: '+=': truncation from 'double' to 'GLfloat'
d:\learning\opengl refactor\gl exp\gl exp\main.cpp(312): warning C4305: '+=': truncation from 'double' to 'GLfloat'
d:\learning\opengl refactor\gl exp\gl exp\main.cpp(314): warning C4305: '-=': truncation from 'double' to 'GLfloat'
  Material.cpp
  Mesh.cpp
  Model.cpp
d:\learning\opengl refactor\gl exp\gl exp\model.cpp(29): warning C4477: 'printf' : format string '%s' requires an argument of type 'char *', but variadic argument 1 has type 'const std::string'
d:\learning\opengl refactor\gl exp\gl exp\model.cpp(108): warning C4477: 'printf' : format string '%s' requires an argument of type 'char *', but variadic argument 1 has type 'std::string'
  MyGLWindow.cpp
d:\learning\opengl refactor\gl exp\gl exp\myglwindow.cpp(161): warning C4244: '=': conversion from 'double' to 'GLfloat', possible loss of data
d:\learning\opengl refactor\gl exp\gl exp\myglwindow.cpp(162): warning C4244: '=': conversion from 'double' to 'GLfloat', possible loss of data
d:\learning\opengl refactor\gl exp\gl exp\myglwindow.cpp(166): warning C4244: '=': conversion from 'double' to 'GLfloat', possible loss of data
d:\learning\opengl refactor\gl exp\gl exp\myglwindow.cpp(167): warning C4244: '=': conversion from 'double' to 'GLfloat', possible loss of data
d:\learning\opengl refactor\gl exp\gl exp\myglwindow.cpp(170): warning C4244: '=': conversion from 'double' to 'GLfloat', possible loss of data
d:\learning\opengl refactor\gl exp\gl exp\myglwindow.cpp(171): warning C4244: '=': conversion from 'double' to 'GLfloat', possible loss of data
  Shader.cpp
  Texture.cpp
  Generating code
d:\learning\opengl refactor\gl exp\gl exp\myglwindow.cpp(86): warning C4715: 'MyGLWindow::Initialise': not all control paths return a value
  882 of 894 functions (98.7%) were compiled, the rest were copied from previous compilation.
    22 functions were new in current compilation
    0 functions had inline decision re-evaluated but remain unchanged
  Finished generating code
  GL Exp.vcxproj -> D:\Learning\OpenGL refactor\GL Exp\Release\GL Exp.exe
